12.5104 	INFO 	Loaded monitor calibration from ['2024_09_12 19:45']
15.0677 	EXP 	Created window1 = Window(allowGUI=True, allowStencil=False, autoLog=True, backendConf=UNKNOWN, backgroundFit=<method-wrapper '__getattribute__' of attributeSetter object at 0x0000029E0FA870A0>, backgroundImage=<method-wrapper '__getattribute__' of attributeSetter object at 0x0000029E0FA87040>, bitsMode=UNKNOWN, blendMode='avg', bpc=(8, 8, 8), color=array([0, 0, 0]), colorSpace='rgb', depthBits=8, fullscr=<method-wrapper '__getattribute__' of attributeSetter object at 0x0000029E0FA8AE50>, gamma=None, gammaErrorPolicy='raise', infoMsg=UNKNOWN, lms=UNKNOWN, monitor=<psychopy.monitors.calibTools.Monitor object at 0x0000029E0F9A25B0>, multiSample=False, name='window1', numSamples=2, pos=[460.0, 240.0], screen=0, size=array([1000,  600]), stencilBits=0, stereo=False, title='PsychoPy', units='height', useFBO=True, useRetina=False, viewOri=0.0, viewPos=None, viewScale=None, waitBlanking=True, winType='pyglet')
15.0677 	EXP 	window1: backgroundImage = ''
15.0677 	EXP 	window1: backgroundFit = 'none'
15.0679 	EXP 	window1: mouseVisible = <method-wrapper '__getattribute__' of attributeSetter object at 0x0000029E0FA871C0>
15.0680 	EXP 	window1: mouseVisible = <method-wrapper '__getattribute__' of attributeSetter object at 0x0000029E0FA871C0>
15.0775 	EXP 	window1: mouseVisible = <method-wrapper '__getattribute__' of attributeSetter object at 0x0000029E0FA871C0>
15.0780 	EXP 	window1: mouseVisible = <method-wrapper '__getattribute__' of attributeSetter object at 0x0000029E0FA871C0>
15.1542 	EXP 	window1: mouseVisible = <method-wrapper '__getattribute__' of attributeSetter object at 0x0000029E0FA871C0>
15.1543 	EXP 	window1: mouseVisible = <method-wrapper '__getattribute__' of attributeSetter object at 0x0000029E0FA871C0>
15.1548 	EXP 	window1: mouseVisible = <method-wrapper '__getattribute__' of attributeSetter object at 0x0000029E0FA871C0>
15.1552 	EXP 	window1: mouseVisible = <method-wrapper '__getattribute__' of attributeSetter object at 0x0000029E0FA871C0>
15.1954 	EXP 	window1: Attempting to measure frame rate of screen (0) ...
15.1954 	EXP 	window1: recordFrameIntervals = False
15.3867 	EXP 	window1: recordFrameIntervals = True
15.4858 	WARNING 	t of last frame was 31.73ms (=1/31)
15.5474 	WARNING 	t of last frame was 26.36ms (=1/37)
15.5693 	WARNING 	t of last frame was 21.95ms (=1/45)
15.7371 	EXP 	Screen (0) actual frame rate measured at 59.73Hz
15.7371 	EXP 	window1: recordFrameIntervals = False
15.7372 	EXP 	window1: mouseVisible = True
15.8291 	WARNING 	launchHubServer: If using the iohub mouse or eyetracker devices, fullScr should be True.
20.1483 	INFO 	keyboard.Keyboard is using iohub backend.
20.1483 	INFO 	keyboard.Keyboard is using iohub backend.
20.1483 	EXP 	orientationdiscriminationtask: status = STARTED
20.1486 	EXP 	window1: mouseVisible = True
20.1705 	EXP 	Created fixation = ShapeStim(__class__=<class 'psychopy.visual.shape.ShapeStim'>, anchor=('center', 'center'), autoDraw=False, autoLog=True, closeShape=True, color=method-wrapper(...), colorSpace='rgb', contrast=None, depth=0.0, draggable=False, fillColor=array([1, 1, 1]), fillColorSpace='rgb', fillRGB=array([1, 1, 1]), interpolate=True, lineColor=array([1., 1., 1.]), lineColorSpace='rgb', lineRGB=array([1, 1, 1]), lineWidth=1.0, name='fixation', opacity=1, ori=0.0, pos=array([0., 0.]), size=array([10., 10.]), units='pix', vertices=ndarray(...), win=Window(...), windingRule=None)
20.1707 	EXP 	window1: mouseVisible = True
20.1774 	EXP 	Created grating = GratingStim(__class__=<class 'psychopy.visual.grating.GratingStim'>, anchor='center', autoDraw=False, autoLog=True, blendmode='avg', color=array([0.3, 0.3, 0.3]), colorSpace='rgb', contrast=0.3, depth=-1.0, draggable=False, interpolate=True, mask='gauss', maskParams=None, name='grating', opacity=1, ori=1.0, phase=array([0., 0.]), pos=array([0., 0.]), rgbPedestal=array([0., 0., 0.]), sf=array([5., 5.]), size=array([0.2, 0.2]), tex='sin', texRes=128.0, units='height', win=Window(...))
0.0007 	DATA 	Keypress: down
0.0013 	DATA 	Keypress: up
0.0018 	DATA 	Keypress: down
0.0081 	EXP 	New trial (rep=0, index=0): <Trial 0 (0 in rep 0) data={'thisN': 0, 'thisTrialN': 0, 'thisRepN': 0}>
0.0237 	EXP 	grating: ori = 0.0
0.0237 	EXP 	fixation: autoDraw = True
0.9202 	DATA 	Keypress: up
1.0642 	INFO 	Keyboard events cleared
1.0638 	EXP 	grating: autoDraw = True
1.0638 	EXP 	grating: tex = 'sin'
1.0735 	EXP 	fixation: autoDraw = False
1.3737 	EXP 	grating: autoDraw = False
1.4417 	EXP 	New trial (rep=1, index=0): <Trial 1 (0 in rep 1) data={'thisN': 1, 'thisTrialN': 0, 'thisRepN': 1}>
1.4425 	DATA 	Keypress: down
1.4571 	EXP 	fixation: autoDraw = False
1.4571 	EXP 	grating: autoDraw = False
1.4571 	EXP 	grating: ori = 0.0
1.4571 	EXP 	fixation: autoDraw = True
1.8429 	DATA 	Keypress: up
2.4605 	INFO 	Keyboard events cleared
2.4599 	EXP 	fixation: autoDraw = False
2.4599 	EXP 	grating: autoDraw = True
2.5248 	EXP 	New trial (rep=2, index=0): <Trial 2 (0 in rep 2) data={'thisN': 2, 'thisTrialN': 0, 'thisRepN': 2}>
2.5259 	DATA 	Keypress: down
2.5406 	EXP 	fixation: autoDraw = False
2.5406 	EXP 	grating: autoDraw = False
2.5406 	EXP 	grating: ori = 0.0
2.5406 	EXP 	fixation: autoDraw = True
3.0576 	DATA 	Keypress: down
3.3931 	DATA 	Keypress: up
3.5251 	INFO 	Keyboard events cleared
3.5246 	EXP 	grating: autoDraw = True
3.5411 	EXP 	fixation: autoDraw = False
3.8243 	EXP 	grating: autoDraw = False
4.4091 	EXP 	New trial (rep=3, index=0): <Trial 3 (0 in rep 3) data={'thisN': 3, 'thisTrialN': 0, 'thisRepN': 3}>
4.4102 	DATA 	Keypress: up
4.4241 	EXP 	fixation: autoDraw = False
4.4241 	EXP 	grating: autoDraw = False
4.4241 	EXP 	grating: ori = -3.0
4.4241 	EXP 	fixation: autoDraw = True
5.0585 	DATA 	Keypress: down
5.0763 	DATA 	Keypress: up
5.3936 	DATA 	Keypress: down
5.4246 	INFO 	Keyboard events cleared
5.4241 	EXP 	fixation: autoDraw = False
5.4241 	EXP 	grating: autoDraw = True
5.7240 	EXP 	grating: autoDraw = False
5.8429 	EXP 	New trial (rep=4, index=0): <Trial 4 (0 in rep 4) data={'thisN': 4, 'thisTrialN': 0, 'thisRepN': 4}>
5.8449 	DATA 	Keypress: up
5.8580 	EXP 	fixation: autoDraw = False
5.8580 	EXP 	grating: autoDraw = False
5.8580 	EXP 	grating: ori = -4.0
5.8580 	EXP 	fixation: autoDraw = True
6.4255 	DATA 	Keypress: up
6.8587 	INFO 	Keyboard events cleared
6.8579 	EXP 	fixation: autoDraw = False
6.8579 	EXP 	grating: autoDraw = True
6.9752 	EXP 	New trial (rep=5, index=0): <Trial 5 (0 in rep 5) data={'thisN': 5, 'thisTrialN': 0, 'thisRepN': 5}>
6.9763 	DATA 	Keypress: down
6.9904 	EXP 	fixation: autoDraw = False
6.9904 	EXP 	grating: autoDraw = False
6.9904 	EXP 	grating: ori = 0.0
6.9904 	EXP 	fixation: autoDraw = True
7.4750 	DATA 	Keypress: up
7.9744 	INFO 	Keyboard events cleared
7.9739 	EXP 	grating: autoDraw = True
7.9912 	EXP 	fixation: autoDraw = False
7.9927 	EXP 	New trial (rep=6, index=0): <Trial 6 (0 in rep 6) data={'thisN': 6, 'thisTrialN': 0, 'thisRepN': 6}>
7.9940 	DATA 	Keypress: up
8.0075 	EXP 	fixation: autoDraw = False
8.0075 	EXP 	grating: autoDraw = False
8.0075 	EXP 	grating: ori = 0.0
8.0075 	EXP 	fixation: autoDraw = True
9.0077 	INFO 	Keyboard events cleared
9.0072 	EXP 	fixation: autoDraw = False
9.0072 	EXP 	grating: autoDraw = True
9.1585 	EXP 	New trial (rep=7, index=0): <Trial 7 (0 in rep 7) data={'thisN': 7, 'thisTrialN': 0, 'thisRepN': 7}>
9.1595 	DATA 	Keypress: down
9.1738 	EXP 	fixation: autoDraw = False
9.1738 	EXP 	grating: autoDraw = False
9.1738 	EXP 	grating: ori = 1.0
9.1738 	EXP 	fixation: autoDraw = True
9.5094 	DATA 	Keypress: up
9.9752 	DATA 	Keypress: down
10.1578 	INFO 	Keyboard events cleared
10.1572 	EXP 	grating: autoDraw = True
10.1737 	EXP 	fixation: autoDraw = False
10.3077 	EXP 	New trial (rep=8, index=0): <Trial 8 (0 in rep 8) data={'thisN': 8, 'thisTrialN': 0, 'thisRepN': 8}>
10.3087 	DATA 	Keypress: up
10.3239 	EXP 	fixation: autoDraw = False
10.3239 	EXP 	grating: autoDraw = False
10.3239 	EXP 	grating: ori = 0.0
10.3239 	EXP 	fixation: autoDraw = True
10.7087 	DATA 	Keypress: down
10.9607 	DATA 	Keypress: up
11.3082 	INFO 	Keyboard events cleared
11.3078 	EXP 	grating: autoDraw = True
11.3240 	EXP 	fixation: autoDraw = False
11.4075 	EXP 	New trial (rep=9, index=0): <Trial 9 (0 in rep 9) data={'thisN': 9, 'thisTrialN': 0, 'thisRepN': 9}>
11.4084 	DATA 	Keypress: down
11.4239 	EXP 	fixation: autoDraw = False
11.4239 	EXP 	grating: autoDraw = False
11.4239 	EXP 	grating: ori = 3.0
11.4239 	EXP 	fixation: autoDraw = True
11.7589 	DATA 	Keypress: up
12.4077 	INFO 	Keyboard events cleared
12.4073 	EXP 	grating: autoDraw = True
12.4238 	EXP 	fixation: autoDraw = False
12.7068 	EXP 	grating: autoDraw = False
13.5919 	EXP 	New trial (rep=10, index=0): <Trial 10 (0 in rep 10) data={'thisN': 10, 'thisTrialN': 0, 'thisRepN': 10}>
13.5931 	DATA 	Keypress: up
13.6070 	EXP 	fixation: autoDraw = False
13.6070 	EXP 	grating: autoDraw = False
13.6070 	EXP 	grating: ori = 0.0
13.6070 	EXP 	fixation: autoDraw = True
14.0079 	DATA 	Keypress: up
14.3768 	DATA 	Keypress: down
14.6080 	INFO 	Keyboard events cleared
14.6073 	EXP 	fixation: autoDraw = False
14.6073 	EXP 	grating: autoDraw = True
14.6102 	DATA 	Keypress: up
14.9071 	EXP 	grating: autoDraw = False
15.0743 	EXP 	New trial (rep=11, index=0): <Trial 11 (0 in rep 11) data={'thisN': 11, 'thisTrialN': 0, 'thisRepN': 11}>
15.0754 	DATA 	Keypress: down
15.0895 	EXP 	fixation: autoDraw = False
15.0895 	EXP 	grating: autoDraw = False
15.0895 	EXP 	grating: ori = 2.0
15.0895 	EXP 	fixation: autoDraw = True
15.4079 	DATA 	Keypress: up
15.7259 	DATA 	Keypress: down
16.0429 	DATA 	Keypress: up
16.0735 	INFO 	Keyboard events cleared
16.0732 	EXP 	grating: autoDraw = True
16.0890 	EXP 	fixation: autoDraw = False
16.3730 	EXP 	grating: autoDraw = False
16.4589 	EXP 	New trial (rep=12, index=0): <Trial 12 (0 in rep 12) data={'thisN': 12, 'thisTrialN': 0, 'thisRepN': 12}>
16.4603 	DATA 	Keypress: down
16.4734 	EXP 	fixation: autoDraw = False
16.4734 	EXP 	grating: autoDraw = False
16.4734 	EXP 	grating: ori = 1.0
16.4734 	EXP 	fixation: autoDraw = True
16.8432 	DATA 	Keypress: up
17.1406 	DATA 	Keypress: down
17.4083 	DATA 	Keypress: up
17.4738 	INFO 	Keyboard events cleared
17.4733 	EXP 	fixation: autoDraw = False
17.4733 	EXP 	grating: autoDraw = True
17.7731 	EXP 	grating: autoDraw = False
17.7744 	EXP 	New trial (rep=13, index=0): <Trial 13 (0 in rep 13) data={'thisN': 13, 'thisTrialN': 0, 'thisRepN': 13}>
17.7756 	DATA 	Keypress: down
17.7900 	EXP 	fixation: autoDraw = False
17.7900 	EXP 	grating: autoDraw = False
17.7900 	EXP 	grating: ori = 3.0
17.7900 	EXP 	fixation: autoDraw = True
18.3426 	DATA 	Keypress: up
18.7738 	INFO 	Keyboard events cleared
18.7733 	EXP 	grating: autoDraw = True
18.7900 	EXP 	fixation: autoDraw = False
18.9761 	DATA 	Keypress: up
18.9916 	EXP 	New trial (rep=14, index=0): <Trial 14 (0 in rep 14) data={'thisN': 14, 'thisTrialN': 0, 'thisRepN': 14}>
19.0069 	EXP 	fixation: autoDraw = False
19.0069 	EXP 	grating: autoDraw = False
19.0069 	EXP 	grating: ori = 4.0
19.0069 	EXP 	fixation: autoDraw = True
19.3245 	DATA 	Keypress: down
19.6254 	DATA 	Keypress: up
20.0077 	INFO 	Keyboard events cleared
20.0072 	EXP 	fixation: autoDraw = False
20.0072 	EXP 	grating: autoDraw = True
20.1070 	EXP 	New trial (rep=15, index=0): <Trial 15 (0 in rep 15) data={'thisN': 15, 'thisTrialN': 0, 'thisRepN': 15}>
20.1080 	DATA 	Keypress: down
20.1236 	EXP 	fixation: autoDraw = False
20.1236 	EXP 	grating: autoDraw = False
20.1236 	EXP 	grating: ori = 0.0
20.1236 	EXP 	fixation: autoDraw = True
20.4251 	DATA 	Keypress: up
20.8073 	DATA 	Keypress: down
21.1243 	INFO 	Keyboard events cleared
21.1238 	EXP 	fixation: autoDraw = False
21.1238 	EXP 	grating: autoDraw = True
21.1270 	DATA 	Keypress: up
21.1406 	EXP 	New trial (rep=16, index=0): <Trial 16 (0 in rep 16) data={'thisN': 16, 'thisTrialN': 0, 'thisRepN': 16}>
21.1564 	EXP 	fixation: autoDraw = False
21.1564 	EXP 	grating: autoDraw = False
21.1564 	EXP 	grating: ori = 0.0
21.1564 	EXP 	fixation: autoDraw = True
21.4580 	DATA 	Keypress: down
21.7586 	DATA 	Keypress: up
22.1405 	INFO 	Keyboard events cleared
22.1400 	EXP 	grating: autoDraw = True
22.1568 	EXP 	fixation: autoDraw = False
22.3739 	EXP 	New trial (rep=17, index=0): <Trial 17 (0 in rep 17) data={'thisN': 17, 'thisTrialN': 0, 'thisRepN': 17}>
22.3748 	DATA 	Keypress: down
22.3894 	EXP 	fixation: autoDraw = False
22.3894 	EXP 	grating: autoDraw = False
22.3894 	EXP 	grating: ori = 0.0
22.3894 	EXP 	fixation: autoDraw = True
22.5751 	DATA 	Keypress: up
22.9587 	DATA 	Keypress: down
23.3736 	INFO 	Keyboard events cleared
23.3731 	EXP 	grating: autoDraw = True
23.3897 	EXP 	fixation: autoDraw = False
23.4408 	EXP 	New trial (rep=18, index=0): <Trial 18 (0 in rep 18) data={'thisN': 18, 'thisTrialN': 0, 'thisRepN': 18}>
23.4419 	DATA 	Keypress: up
23.4562 	EXP 	fixation: autoDraw = False
23.4562 	EXP 	grating: autoDraw = False
23.4562 	EXP 	grating: ori = 0.0
23.4562 	EXP 	fixation: autoDraw = True
24.0746 	DATA 	Keypress: down
24.1750 	DATA 	Keypress: up
24.4394 	INFO 	Keyboard events cleared
24.4391 	EXP 	grating: autoDraw = True
24.4558 	EXP 	fixation: autoDraw = False
24.4568 	EXP 	New trial (rep=19, index=0): <Trial 19 (0 in rep 19) data={'thisN': 19, 'thisTrialN': 0, 'thisRepN': 19}>
24.4577 	DATA 	Keypress: down
24.4728 	EXP 	fixation: autoDraw = False
24.4728 	EXP 	grating: autoDraw = False
24.4728 	EXP 	grating: ori = 0.0
24.4728 	EXP 	fixation: autoDraw = True
24.8249 	DATA 	Keypress: up
25.0247 	DATA 	Keypress: down
25.4430 	DATA 	Keypress: up
25.4571 	INFO 	Keyboard events cleared
25.4565 	EXP 	grating: autoDraw = True
25.4770 	EXP 	fixation: autoDraw = False
25.7559 	EXP 	grating: autoDraw = False
25.7903 	EXP 	New trial (rep=20, index=0): <Trial 20 (0 in rep 20) data={'thisN': 20, 'thisTrialN': 0, 'thisRepN': 20}>
25.8058 	EXP 	fixation: autoDraw = False
25.8058 	EXP 	grating: autoDraw = False
25.8058 	EXP 	grating: ori = 0.0
25.8058 	EXP 	fixation: autoDraw = True
25.8236 	DATA 	Keypress: down
26.1251 	DATA 	Keypress: down
26.4930 	DATA 	Keypress: up
26.7904 	INFO 	Keyboard events cleared
26.7900 	EXP 	grating: autoDraw = True
26.8064 	EXP 	fixation: autoDraw = False
27.1053 	EXP 	grating: autoDraw = False
28.3892 	EXP 	New trial (rep=21, index=0): <Trial 21 (0 in rep 21) data={'thisN': 21, 'thisTrialN': 0, 'thisRepN': 21}>
28.3903 	DATA 	Keypress: up
28.4051 	EXP 	fixation: autoDraw = False
28.4051 	EXP 	grating: autoDraw = False
28.4051 	EXP 	grating: ori = 4.0
28.4051 	EXP 	fixation: autoDraw = True
28.7233 	DATA 	Keypress: down
29.0409 	DATA 	Keypress: up
29.3901 	INFO 	Keyboard events cleared
29.3896 	EXP 	grating: autoDraw = True
29.4061 	EXP 	fixation: autoDraw = False
29.7064 	EXP 	grating: autoDraw = False
29.8076 	EXP 	New trial (rep=22, index=0): <Trial 22 (0 in rep 22) data={'thisN': 22, 'thisTrialN': 0, 'thisRepN': 22}>
29.8087 	DATA 	Keypress: down
29.8223 	EXP 	fixation: autoDraw = False
29.8223 	EXP 	grating: autoDraw = False
29.8223 	EXP 	grating: ori = 0.0
29.8223 	EXP 	fixation: autoDraw = True
30.1583 	DATA 	Keypress: up
30.8234 	INFO 	Keyboard events cleared
30.8229 	EXP 	fixation: autoDraw = False
30.8229 	EXP 	grating: autoDraw = True
30.8409 	EXP 	New trial (rep=23, index=0): <Trial 23 (0 in rep 23) data={'thisN': 23, 'thisTrialN': 0, 'thisRepN': 23}>
30.8419 	DATA 	Keypress: down
30.8561 	EXP 	fixation: autoDraw = False
30.8561 	EXP 	grating: autoDraw = False
30.8561 	EXP 	grating: ori = 1.0
30.8561 	EXP 	fixation: autoDraw = True
31.0911 	DATA 	Keypress: up
31.3749 	DATA 	Keypress: down
31.7227 	DATA 	Keypress: down
31.8402 	INFO 	Keyboard events cleared
31.8398 	EXP 	grating: autoDraw = True
31.8563 	EXP 	fixation: autoDraw = False
31.9246 	EXP 	New trial (rep=24, index=0): <Trial 24 (0 in rep 24) data={'thisN': 24, 'thisTrialN': 0, 'thisRepN': 24}>
31.9258 	DATA 	Keypress: up
31.9392 	EXP 	fixation: autoDraw = False
31.9392 	EXP 	grating: autoDraw = False
31.9392 	EXP 	grating: ori = -2.0
31.9392 	EXP 	fixation: autoDraw = True
32.4069 	DATA 	Keypress: down
32.7253 	DATA 	Keypress: up
32.9408 	INFO 	Keyboard events cleared
32.9402 	EXP 	fixation: autoDraw = False
32.9402 	EXP 	grating: autoDraw = True
33.0077 	EXP 	New trial (rep=25, index=0): <Trial 25 (0 in rep 25) data={'thisN': 25, 'thisTrialN': 0, 'thisRepN': 25}>
33.0087 	DATA 	Keypress: down
33.0232 	EXP 	fixation: autoDraw = False
33.0232 	EXP 	grating: autoDraw = False
33.0232 	EXP 	grating: ori = 0.0
33.0232 	EXP 	fixation: autoDraw = True
33.1585 	DATA 	Keypress: up
33.4575 	DATA 	Keypress: down
33.8231 	DATA 	Keypress: down
34.0237 	INFO 	Keyboard events cleared
34.0232 	EXP 	fixation: autoDraw = False
34.0232 	EXP 	grating: autoDraw = True
34.0414 	EXP 	New trial (rep=26, index=0): <Trial 26 (0 in rep 26) data={'thisN': 26, 'thisTrialN': 0, 'thisRepN': 26}>
34.0425 	DATA 	Keypress: up
34.0555 	EXP 	fixation: autoDraw = False
34.0555 	EXP 	grating: autoDraw = False
34.0555 	EXP 	grating: ori = -2.0
34.0555 	EXP 	fixation: autoDraw = True
34.2744 	DATA 	Keypress: down
34.4410 	DATA 	Keypress: up
34.5467 	DATA 	Keypress: down
34.8419 	DATA 	Keypress: up
34.9419 	DATA 	Keypress: down
35.0555 	INFO 	Keyboard events cleared
35.0551 	EXP 	fixation: autoDraw = False
35.0551 	EXP 	grating: autoDraw = True
35.1413 	EXP 	New trial (rep=27, index=0): <Trial 27 (0 in rep 27) data={'thisN': 27, 'thisTrialN': 0, 'thisRepN': 27}>
35.1429 	DATA 	Keypress: up
35.1563 	EXP 	fixation: autoDraw = False
35.1563 	EXP 	grating: autoDraw = False
35.1563 	EXP 	grating: ori = 0.0
35.1563 	EXP 	fixation: autoDraw = True
35.2574 	DATA 	Keypress: down
35.4084 	DATA 	Keypress: up
35.5908 	DATA 	Keypress: down
35.7249 	DATA 	Keypress: up
35.9414 	DATA 	Keypress: down
36.0906 	DATA 	Keypress: up
36.1567 	INFO 	Keyboard events cleared
36.1560 	EXP 	fixation: autoDraw = False
36.1560 	EXP 	grating: autoDraw = True
36.2079 	EXP 	New trial (rep=28, index=0): <Trial 28 (0 in rep 28) data={'thisN': 28, 'thisTrialN': 0, 'thisRepN': 28}>
36.2091 	DATA 	Keypress: down
36.2226 	EXP 	fixation: autoDraw = False
36.2226 	EXP 	grating: autoDraw = False
36.2226 	EXP 	grating: ori = -2.0
36.2226 	EXP 	fixation: autoDraw = True
36.4752 	DATA 	Keypress: down
36.6911 	DATA 	Keypress: up
36.9568 	DATA 	Keypress: down
37.1233 	DATA 	Keypress: up
37.2228 	INFO 	Keyboard events cleared
37.2223 	EXP 	fixation: autoDraw = False
37.2223 	EXP 	grating: autoDraw = True
37.3733 	EXP 	New trial (rep=29, index=0): <Trial 29 (0 in rep 29) data={'thisN': 29, 'thisTrialN': 0, 'thisRepN': 29}>
37.3746 	DATA 	Keypress: down
37.3896 	EXP 	fixation: autoDraw = False
37.3896 	EXP 	grating: autoDraw = False
37.3896 	EXP 	grating: ori = 0.0
37.3896 	EXP 	fixation: autoDraw = True
37.5903 	DATA 	Keypress: up
37.7906 	DATA 	Keypress: down
38.0905 	DATA 	Keypress: up
38.3734 	INFO 	Keyboard events cleared
38.3729 	EXP 	grating: autoDraw = True
38.3889 	EXP 	fixation: autoDraw = False
38.4081 	EXP 	New trial (rep=30, index=0): <Trial 30 (0 in rep 30) data={'thisN': 30, 'thisTrialN': 0, 'thisRepN': 30}>
38.4094 	DATA 	Keypress: down
38.4226 	EXP 	fixation: autoDraw = False
38.4226 	EXP 	grating: autoDraw = False
38.4226 	EXP 	grating: ori = 3.0
38.4226 	EXP 	fixation: autoDraw = True
38.6414 	DATA 	Keypress: up
38.9234 	DATA 	Keypress: down
39.2241 	DATA 	Keypress: up
39.4233 	INFO 	Keyboard events cleared
39.4226 	EXP 	fixation: autoDraw = False
39.4226 	EXP 	grating: autoDraw = True
39.4249 	DATA 	Keypress: down
39.6578 	EXP 	New trial (rep=31, index=0): <Trial 31 (0 in rep 31) data={'thisN': 31, 'thisTrialN': 0, 'thisRepN': 31}>
39.6594 	DATA 	Keypress: up
39.6727 	EXP 	fixation: autoDraw = False
39.6727 	EXP 	grating: autoDraw = False
39.6727 	EXP 	grating: ori = 2.0
39.6727 	EXP 	fixation: autoDraw = True
39.9242 	DATA 	Keypress: down
40.2083 	DATA 	Keypress: up
40.4078 	DATA 	Keypress: down
40.6412 	DATA 	Keypress: up
40.6736 	INFO 	Keyboard events cleared
40.6729 	EXP 	fixation: autoDraw = False
40.6729 	EXP 	grating: autoDraw = True
40.9723 	EXP 	grating: autoDraw = False
41.0745 	EXP 	New trial (rep=32, index=0): <Trial 32 (0 in rep 32) data={'thisN': 32, 'thisTrialN': 0, 'thisRepN': 32}>
41.0756 	DATA 	Keypress: down
41.0886 	EXP 	fixation: autoDraw = False
41.0886 	EXP 	grating: autoDraw = False
41.0886 	EXP 	grating: ori = 0.0
41.0886 	EXP 	fixation: autoDraw = True
41.4073 	DATA 	Keypress: up
41.8743 	DATA 	Keypress: down
42.0901 	INFO 	Keyboard events cleared
42.0896 	EXP 	fixation: autoDraw = False
42.0896 	EXP 	grating: autoDraw = True
42.2254 	DATA 	Keypress: up
42.2406 	EXP 	New trial (rep=33, index=0): <Trial 33 (0 in rep 33) data={'thisN': 33, 'thisTrialN': 0, 'thisRepN': 33}>
42.2560 	EXP 	fixation: autoDraw = False
42.2560 	EXP 	grating: autoDraw = False
42.2560 	EXP 	grating: ori = 0.0
42.2560 	EXP 	fixation: autoDraw = True
42.6408 	DATA 	Keypress: up
42.8721 	DATA 	Keypress: down
43.1079 	DATA 	Keypress: up
43.2564 	INFO 	Keyboard events cleared
43.2556 	EXP 	fixation: autoDraw = False
43.2556 	EXP 	grating: autoDraw = True
43.4072 	EXP 	New trial (rep=34, index=0): <Trial 34 (0 in rep 34) data={'thisN': 34, 'thisTrialN': 0, 'thisRepN': 34}>
43.4086 	DATA 	Keypress: down
43.4224 	EXP 	fixation: autoDraw = False
43.4224 	EXP 	grating: autoDraw = False
43.4224 	EXP 	grating: ori = 0.0
43.4224 	EXP 	fixation: autoDraw = True
43.7065 	DATA 	Keypress: up
43.9580 	DATA 	Keypress: down
44.3084 	DATA 	Keypress: up
44.4062 	INFO 	Keyboard events cleared
44.4057 	EXP 	grating: autoDraw = True
44.4225 	EXP 	fixation: autoDraw = False
44.7058 	EXP 	grating: autoDraw = False
44.8076 	EXP 	New trial (rep=35, index=0): <Trial 35 (0 in rep 35) data={'thisN': 35, 'thisTrialN': 0, 'thisRepN': 35}>
44.8094 	DATA 	Keypress: up
44.8224 	EXP 	fixation: autoDraw = False
44.8224 	EXP 	grating: autoDraw = False
44.8224 	EXP 	grating: ori = 0.0
44.8224 	EXP 	fixation: autoDraw = True
45.0241 	DATA 	Keypress: down
45.3241 	DATA 	Keypress: up
45.5072 	DATA 	Keypress: down
45.6735 	DATA 	Keypress: up
45.8229 	INFO 	Keyboard events cleared
45.8221 	EXP 	fixation: autoDraw = False
45.8221 	EXP 	grating: autoDraw = True
46.1219 	EXP 	grating: autoDraw = False
46.5743 	EXP 	New trial (rep=36, index=0): <Trial 36 (0 in rep 36) data={'thisN': 36, 'thisTrialN': 0, 'thisRepN': 36}>
46.5756 	DATA 	Keypress: down
46.5895 	EXP 	fixation: autoDraw = False
46.5895 	EXP 	grating: autoDraw = False
46.5895 	EXP 	grating: ori = 3.0
46.5895 	EXP 	fixation: autoDraw = True
47.1733 	DATA 	Keypress: up
47.5901 	INFO 	Keyboard events cleared
47.5893 	EXP 	grating: autoDraw = True
47.6052 	EXP 	fixation: autoDraw = False
47.6246 	EXP 	New trial (rep=37, index=0): <Trial 37 (0 in rep 37) data={'thisN': 37, 'thisTrialN': 0, 'thisRepN': 37}>
47.6265 	DATA 	Keypress: up
47.6390 	EXP 	fixation: autoDraw = False
47.6390 	EXP 	grating: autoDraw = False
47.6390 	EXP 	grating: ori = -5.0
47.6390 	EXP 	fixation: autoDraw = True
48.3741 	DATA 	Keypress: up
48.6396 	INFO 	Keyboard events cleared
48.6391 	EXP 	fixation: autoDraw = False
48.6391 	EXP 	grating: autoDraw = True
48.9551 	EXP 	grating: autoDraw = False
49.4080 	EXP 	New trial (rep=38, index=0): <Trial 38 (0 in rep 38) data={'thisN': 38, 'thisTrialN': 0, 'thisRepN': 38}>
49.4094 	DATA 	Keypress: up
49.4221 	EXP 	fixation: autoDraw = False
49.4221 	EXP 	grating: autoDraw = False
49.4221 	EXP 	grating: ori = 0.0
49.4221 	EXP 	fixation: autoDraw = True
50.4227 	INFO 	Keyboard events cleared
50.4222 	EXP 	fixation: autoDraw = False
50.4222 	EXP 	grating: autoDraw = True
50.6623 	EXP 	New trial (rep=39, index=0): <Trial 39 (0 in rep 39) data={'thisN': 39, 'thisTrialN': 0, 'thisRepN': 39}>
50.6643 	DATA 	Keypress: up
50.6718 	EXP 	fixation: autoDraw = False
50.6718 	EXP 	grating: autoDraw = False
50.6718 	EXP 	grating: ori = 0.0
50.6718 	EXP 	fixation: autoDraw = True
51.6405 	DATA 	Keypress: down
51.6727 	INFO 	Keyboard events cleared
51.6720 	EXP 	fixation: autoDraw = False
51.6720 	EXP 	grating: autoDraw = True
51.9721 	EXP 	grating: autoDraw = False
52.4064 	EXP 	New trial (rep=40, index=0): <Trial 40 (0 in rep 40) data={'thisN': 40, 'thisTrialN': 0, 'thisRepN': 40}>
52.4076 	DATA 	Keypress: up
52.4219 	EXP 	fixation: autoDraw = False
52.4219 	EXP 	grating: autoDraw = False
52.4219 	EXP 	grating: ori = 0.0
52.4219 	EXP 	fixation: autoDraw = True
53.3411 	DATA 	Keypress: down
53.4060 	INFO 	Keyboard events cleared
53.4055 	EXP 	grating: autoDraw = True
53.4219 	EXP 	fixation: autoDraw = False
53.7055 	EXP 	grating: autoDraw = False
54.2078 	EXP 	New trial (rep=41, index=0): <Trial 41 (0 in rep 41) data={'thisN': 41, 'thisTrialN': 0, 'thisRepN': 41}>
54.2096 	DATA 	Keypress: up
54.2223 	EXP 	fixation: autoDraw = False
54.2223 	EXP 	grating: autoDraw = False
54.2223 	EXP 	grating: ori = 4.0
54.2223 	EXP 	fixation: autoDraw = True
55.2232 	INFO 	Keyboard events cleared
55.2225 	EXP 	fixation: autoDraw = False
55.2225 	EXP 	grating: autoDraw = True
55.2408 	EXP 	New trial (rep=42, index=0): <Trial 42 (0 in rep 42) data={'thisN': 42, 'thisTrialN': 0, 'thisRepN': 42}>
55.2425 	DATA 	Keypress: down
55.2550 	EXP 	fixation: autoDraw = False
55.2550 	EXP 	grating: autoDraw = False
55.2550 	EXP 	grating: ori = 0.0
55.2550 	EXP 	fixation: autoDraw = True
56.2410 	DATA 	Keypress: up
56.2559 	INFO 	Keyboard events cleared
56.2554 	EXP 	fixation: autoDraw = False
56.2554 	EXP 	grating: autoDraw = True
56.5551 	EXP 	grating: autoDraw = False
57.5911 	EXP 	New trial (rep=43, index=0): <Trial 43 (0 in rep 43) data={'thisN': 43, 'thisTrialN': 0, 'thisRepN': 43}>
57.5935 	DATA 	Keypress: up
57.6048 	EXP 	fixation: autoDraw = False
57.6048 	EXP 	grating: autoDraw = False
57.6048 	EXP 	grating: ori = -4.0
57.6048 	EXP 	fixation: autoDraw = True
58.6055 	INFO 	Keyboard events cleared
58.6048 	EXP 	fixation: autoDraw = False
58.6048 	EXP 	grating: autoDraw = True
58.6903 	EXP 	New trial (rep=44, index=0): <Trial 44 (0 in rep 44) data={'thisN': 44, 'thisTrialN': 0, 'thisRepN': 44}>
58.6914 	DATA 	Keypress: up
58.7048 	EXP 	fixation: autoDraw = False
58.7048 	EXP 	grating: autoDraw = False
58.7048 	EXP 	grating: ori = 0.0
58.7048 	EXP 	fixation: autoDraw = True
59.3902 	DATA 	Keypress: down
59.7055 	INFO 	Keyboard events cleared
59.7047 	EXP 	fixation: autoDraw = False
59.7047 	EXP 	grating: autoDraw = True
60.0050 	EXP 	grating: autoDraw = False
60.5058 	EXP 	New trial (rep=45, index=0): <Trial 45 (0 in rep 45) data={'thisN': 45, 'thisTrialN': 0, 'thisRepN': 45}>
60.5071 	DATA 	Keypress: up
60.5213 	EXP 	fixation: autoDraw = False
60.5213 	EXP 	grating: autoDraw = False
60.5213 	EXP 	grating: ori = 0.0
60.5213 	EXP 	fixation: autoDraw = True
61.5051 	INFO 	Keyboard events cleared
61.5047 	EXP 	grating: autoDraw = True
61.5217 	EXP 	fixation: autoDraw = False
61.8048 	EXP 	grating: autoDraw = False
62.9223 	EXP 	New trial (rep=46, index=0): <Trial 46 (0 in rep 46) data={'thisN': 46, 'thisTrialN': 0, 'thisRepN': 46}>
62.9233 	DATA 	Keypress: down
62.9376 	EXP 	fixation: autoDraw = False
62.9376 	EXP 	grating: autoDraw = False
62.9376 	EXP 	grating: ori = -4.0
62.9376 	EXP 	fixation: autoDraw = True
63.6560 	DATA 	Keypress: down
63.9224 	INFO 	Keyboard events cleared
63.9220 	EXP 	grating: autoDraw = True
63.9376 	EXP 	fixation: autoDraw = False
64.2215 	EXP 	grating: autoDraw = False
64.5407 	EXP 	New trial (rep=47, index=0): <Trial 47 (0 in rep 47) data={'thisN': 47, 'thisTrialN': 0, 'thisRepN': 47}>
64.5420 	DATA 	Keypress: down
64.5539 	EXP 	fixation: autoDraw = False
64.5539 	EXP 	grating: autoDraw = False
64.5539 	EXP 	grating: ori = -5.0
64.5539 	EXP 	fixation: autoDraw = True
65.0225 	DATA 	Keypress: up
65.5553 	INFO 	Keyboard events cleared
65.5547 	EXP 	fixation: autoDraw = False
65.5547 	EXP 	grating: autoDraw = True
65.6567 	EXP 	New trial (rep=48, index=0): <Trial 48 (0 in rep 48) data={'thisN': 48, 'thisTrialN': 0, 'thisRepN': 48}>
65.6583 	DATA 	Keypress: down
65.6713 	EXP 	fixation: autoDraw = False
65.6713 	EXP 	grating: autoDraw = False
65.6713 	EXP 	grating: ori = 1.0
65.6713 	EXP 	fixation: autoDraw = True
66.2730 	DATA 	Keypress: up
66.6707 	INFO 	Keyboard events cleared
66.6702 	EXP 	fixation: autoDraw = False
66.6702 	EXP 	grating: autoDraw = True
66.8881 	EXP 	New trial (rep=49, index=0): <Trial 49 (0 in rep 49) data={'thisN': 49, 'thisTrialN': 0, 'thisRepN': 49}>
66.8890 	DATA 	Keypress: down
66.9038 	EXP 	fixation: autoDraw = False
66.9038 	EXP 	grating: autoDraw = False
66.9038 	EXP 	grating: ori = 0.0
66.9038 	EXP 	fixation: autoDraw = True
67.2222 	DATA 	Keypress: up
67.6078 	DATA 	Keypress: up
67.8879 	INFO 	Keyboard events cleared
67.8874 	EXP 	grating: autoDraw = True
67.9039 	EXP 	fixation: autoDraw = False
67.9559 	EXP 	New trial (rep=50, index=0): <Trial 50 (0 in rep 50) data={'thisN': 50, 'thisTrialN': 0, 'thisRepN': 50}>
67.9572 	DATA 	Keypress: up
67.9715 	EXP 	fixation: autoDraw = False
67.9715 	EXP 	grating: autoDraw = False
67.9715 	EXP 	grating: ori = -5.0
67.9715 	EXP 	fixation: autoDraw = True
68.2729 	DATA 	Keypress: up
68.7896 	DATA 	Keypress: down
68.9714 	INFO 	Keyboard events cleared
68.9709 	EXP 	fixation: autoDraw = False
68.9709 	EXP 	grating: autoDraw = True
69.2218 	EXP 	New trial (rep=51, index=0): <Trial 51 (0 in rep 51) data={'thisN': 51, 'thisTrialN': 0, 'thisRepN': 51}>
69.2228 	DATA 	Keypress: up
69.2368 	EXP 	fixation: autoDraw = False
69.2368 	EXP 	grating: autoDraw = False
69.2368 	EXP 	grating: ori = 0.0
69.2368 	EXP 	fixation: autoDraw = True
69.8727 	DATA 	Keypress: down
70.0729 	DATA 	Keypress: up
70.2382 	INFO 	Keyboard events cleared
70.2377 	EXP 	fixation: autoDraw = False
70.2377 	EXP 	grating: autoDraw = True
70.3563 	EXP 	New trial (rep=52, index=0): <Trial 52 (0 in rep 52) data={'thisN': 52, 'thisTrialN': 0, 'thisRepN': 52}>
70.3574 	DATA 	Keypress: down
70.3707 	EXP 	fixation: autoDraw = False
70.3707 	EXP 	grating: autoDraw = False
70.3707 	EXP 	grating: ori = 4.0
70.3707 	EXP 	fixation: autoDraw = True
70.6559 	DATA 	Keypress: up
70.9396 	DATA 	Keypress: down
71.3714 	INFO 	Keyboard events cleared
71.3710 	EXP 	fixation: autoDraw = False
71.3710 	EXP 	grating: autoDraw = True
71.4058 	EXP 	New trial (rep=53, index=0): <Trial 53 (0 in rep 53) data={'thisN': 53, 'thisTrialN': 0, 'thisRepN': 53}>
71.4071 	DATA 	Keypress: up
71.4206 	EXP 	fixation: autoDraw = False
71.4206 	EXP 	grating: autoDraw = False
71.4206 	EXP 	grating: ori = 0.0
71.4206 	EXP 	fixation: autoDraw = True
71.7734 	DATA 	Keypress: down
72.1060 	DATA 	Keypress: up
72.4213 	INFO 	Keyboard events cleared
72.4208 	EXP 	fixation: autoDraw = False
72.4208 	EXP 	grating: autoDraw = True
72.4731 	EXP 	New trial (rep=54, index=0): <Trial 54 (0 in rep 54) data={'thisN': 54, 'thisTrialN': 0, 'thisRepN': 54}>
72.4747 	DATA 	Keypress: down
72.4871 	EXP 	fixation: autoDraw = False
72.4871 	EXP 	grating: autoDraw = False
72.4871 	EXP 	grating: ori = 1.0
72.4871 	EXP 	fixation: autoDraw = True
72.7569 	DATA 	Keypress: up
73.0234 	DATA 	Keypress: down
73.2725 	DATA 	Keypress: up
73.4382 	DATA 	Keypress: down
73.4871 	INFO 	Keyboard events cleared
73.4867 	EXP 	fixation: autoDraw = False
73.4867 	EXP 	grating: autoDraw = True
73.7876 	EXP 	grating: autoDraw = False
73.8718 	EXP 	New trial (rep=55, index=0): <Trial 55 (0 in rep 55) data={'thisN': 55, 'thisTrialN': 0, 'thisRepN': 55}>
73.8729 	DATA 	Keypress: down
73.8870 	EXP 	fixation: autoDraw = False
73.8870 	EXP 	grating: autoDraw = False
73.8870 	EXP 	grating: ori = 0.0
73.8870 	EXP 	fixation: autoDraw = True
74.1219 	DATA 	Keypress: up
74.7390 	DATA 	Keypress: up
74.8711 	INFO 	Keyboard events cleared
74.8706 	EXP 	grating: autoDraw = True
74.8876 	EXP 	fixation: autoDraw = False
75.1711 	EXP 	grating: autoDraw = False
75.3552 	EXP 	New trial (rep=56, index=0): <Trial 56 (0 in rep 56) data={'thisN': 56, 'thisTrialN': 0, 'thisRepN': 56}>
75.3564 	DATA 	Keypress: down
75.3703 	EXP 	fixation: autoDraw = False
75.3703 	EXP 	grating: autoDraw = False
75.3703 	EXP 	grating: ori = 0.0
75.3703 	EXP 	fixation: autoDraw = True
75.6725 	DATA 	Keypress: up
76.0063 	DATA 	Keypress: up
76.3221 	DATA 	Keypress: down
76.3548 	INFO 	Keyboard events cleared
76.3544 	EXP 	grating: autoDraw = True
76.3706 	EXP 	fixation: autoDraw = False
76.6544 	EXP 	grating: autoDraw = False
76.7052 	EXP 	New trial (rep=57, index=0): <Trial 57 (0 in rep 57) data={'thisN': 57, 'thisTrialN': 0, 'thisRepN': 57}>
76.7065 	DATA 	Keypress: up
76.7209 	EXP 	fixation: autoDraw = False
76.7209 	EXP 	grating: autoDraw = False
76.7209 	EXP 	grating: ori = 0.0
76.7209 	EXP 	fixation: autoDraw = True
77.1060 	DATA 	Keypress: down
77.5055 	DATA 	Keypress: down
77.7208 	INFO 	Keyboard events cleared
77.7203 	EXP 	fixation: autoDraw = False
77.7203 	EXP 	grating: autoDraw = True
77.8566 	EXP 	New trial (rep=58, index=0): <Trial 58 (0 in rep 58) data={'thisN': 58, 'thisTrialN': 0, 'thisRepN': 58}>
77.8577 	DATA 	Keypress: up
77.8701 	EXP 	fixation: autoDraw = False
77.8701 	EXP 	grating: autoDraw = False
77.8701 	EXP 	grating: ori = 4.0
77.8701 	EXP 	fixation: autoDraw = True
78.1043 	DATA 	Keypress: down
78.3562 	DATA 	Keypress: up
78.8717 	INFO 	Keyboard events cleared
78.8710 	EXP 	fixation: autoDraw = False
78.8710 	EXP 	grating: autoDraw = True
78.8736 	DATA 	Keypress: down
79.1869 	EXP 	grating: autoDraw = False
79.3223 	EXP 	New trial (rep=59, index=0): <Trial 59 (0 in rep 59) data={'thisN': 59, 'thisTrialN': 0, 'thisRepN': 59}>
79.3234 	DATA 	Keypress: up
79.3368 	EXP 	fixation: autoDraw = False
79.3368 	EXP 	grating: autoDraw = False
79.3368 	EXP 	grating: ori = -2.0
79.3368 	EXP 	fixation: autoDraw = True
79.9890 	DATA 	Keypress: down
80.3061 	DATA 	Keypress: up
80.3374 	INFO 	Keyboard events cleared
80.3369 	EXP 	fixation: autoDraw = False
80.3369 	EXP 	grating: autoDraw = True
80.6360 	EXP 	grating: autoDraw = False
80.6900 	EXP 	New trial (rep=60, index=0): <Trial 60 (0 in rep 60) data={'thisN': 60, 'thisTrialN': 0, 'thisRepN': 60}>
80.6914 	DATA 	Keypress: down
80.7040 	EXP 	fixation: autoDraw = False
80.7040 	EXP 	grating: autoDraw = False
80.7040 	EXP 	grating: ori = -4.0
80.7040 	EXP 	fixation: autoDraw = True
81.0214 	DATA 	Keypress: up
81.4887 	DATA 	Keypress: down
81.7047 	INFO 	Keyboard events cleared
81.7038 	EXP 	fixation: autoDraw = False
81.7038 	EXP 	grating: autoDraw = True
82.0041 	EXP 	grating: autoDraw = False
82.1211 	EXP 	New trial (rep=61, index=0): <Trial 61 (0 in rep 61) data={'thisN': 61, 'thisTrialN': 0, 'thisRepN': 61}>
82.1221 	DATA 	Keypress: up
82.1365 	EXP 	fixation: autoDraw = False
82.1365 	EXP 	grating: autoDraw = False
82.1365 	EXP 	grating: ori = 0.0
82.1365 	EXP 	fixation: autoDraw = True
82.5211 	DATA 	Keypress: down
82.9056 	DATA 	Keypress: down
83.1206 	INFO 	Keyboard events cleared
83.1200 	EXP 	grating: autoDraw = True
83.1369 	EXP 	fixation: autoDraw = False
83.2213 	EXP 	New trial (rep=62, index=0): <Trial 62 (0 in rep 62) data={'thisN': 62, 'thisTrialN': 0, 'thisRepN': 62}>
83.2225 	DATA 	Keypress: up
83.2370 	EXP 	fixation: autoDraw = False
83.2370 	EXP 	grating: autoDraw = False
83.2370 	EXP 	grating: ori = -2.0
83.2370 	EXP 	fixation: autoDraw = True
84.1719 	DATA 	Keypress: up
84.2378 	INFO 	Keyboard events cleared
84.2370 	EXP 	fixation: autoDraw = False
84.2370 	EXP 	grating: autoDraw = True
84.4387 	EXP 	New trial (rep=63, index=0): <Trial 63 (0 in rep 63) data={'thisN': 63, 'thisTrialN': 0, 'thisRepN': 63}>
84.4404 	DATA 	Keypress: down
84.4537 	EXP 	fixation: autoDraw = False
84.4537 	EXP 	grating: autoDraw = False
84.4537 	EXP 	grating: ori = 0.0
84.4537 	EXP 	fixation: autoDraw = True
84.7228 	DATA 	Keypress: up
84.9883 	DATA 	Keypress: down
85.3048 	DATA 	Keypress: up
85.4544 	INFO 	Keyboard events cleared
85.4537 	EXP 	fixation: autoDraw = False
85.4537 	EXP 	grating: autoDraw = True
85.6233 	EXP 	New trial (rep=64, index=0): <Trial 64 (0 in rep 64) data={'thisN': 64, 'thisTrialN': 0, 'thisRepN': 64}>
85.6254 	DATA 	Keypress: down
85.6372 	EXP 	fixation: autoDraw = False
85.6372 	EXP 	grating: autoDraw = False
85.6372 	EXP 	grating: ori = 0.0
85.6372 	EXP 	fixation: autoDraw = True
86.0223 	DATA 	Keypress: up
86.2366 	DATA 	Keypress: down
86.5386 	DATA 	Keypress: up
86.6375 	INFO 	Keyboard events cleared
86.6369 	EXP 	fixation: autoDraw = False
86.6369 	EXP 	grating: autoDraw = True
86.8217 	EXP 	New trial (rep=65, index=0): <Trial 65 (0 in rep 65) data={'thisN': 65, 'thisTrialN': 0, 'thisRepN': 65}>
86.8228 	DATA 	Keypress: down
86.8368 	EXP 	fixation: autoDraw = False
86.8368 	EXP 	grating: autoDraw = False
86.8368 	EXP 	grating: ori = 0.0
86.8368 	EXP 	fixation: autoDraw = True
87.0549 	DATA 	Keypress: up
87.2386 	DATA 	Keypress: down
87.6388 	DATA 	Keypress: up
87.8370 	INFO 	Keyboard events cleared
87.8365 	EXP 	fixation: autoDraw = False
87.8365 	EXP 	grating: autoDraw = True
88.0032 	EXP 	New trial (rep=66, index=0): <Trial 66 (0 in rep 66) data={'thisN': 66, 'thisTrialN': 0, 'thisRepN': 66}>
88.0039 	DATA 	Keypress: down
88.0197 	EXP 	fixation: autoDraw = False
88.0197 	EXP 	grating: autoDraw = False
88.0197 	EXP 	grating: ori = -2.0
88.0197 	EXP 	fixation: autoDraw = True
88.2376 	DATA 	Keypress: up
88.5059 	DATA 	Keypress: down
88.9381 	DATA 	Keypress: up
89.0035 	INFO 	Keyboard events cleared
89.0031 	EXP 	grating: autoDraw = True
89.0200 	EXP 	fixation: autoDraw = False
89.2720 	EXP 	New trial (rep=67, index=0): <Trial 67 (0 in rep 67) data={'thisN': 67, 'thisTrialN': 0, 'thisRepN': 67}>
89.2736 	DATA 	Keypress: down
89.2868 	EXP 	fixation: autoDraw = False
89.2868 	EXP 	grating: autoDraw = False
89.2868 	EXP 	grating: ori = -3.0
89.2868 	EXP 	fixation: autoDraw = True
89.6885 	DATA 	Keypress: down
89.9049 	DATA 	Keypress: up
90.2873 	INFO 	Keyboard events cleared
90.2865 	EXP 	fixation: autoDraw = False
90.2865 	EXP 	grating: autoDraw = True
90.5216 	EXP 	New trial (rep=68, index=0): <Trial 68 (0 in rep 68) data={'thisN': 68, 'thisTrialN': 0, 'thisRepN': 68}>
90.5226 	DATA 	Keypress: down
90.5366 	EXP 	fixation: autoDraw = False
90.5366 	EXP 	grating: autoDraw = False
90.5366 	EXP 	grating: ori = 0.0
90.5366 	EXP 	fixation: autoDraw = True
90.9888 	DATA 	Keypress: up
91.5045 	DATA 	Keypress: up
91.5370 	INFO 	Keyboard events cleared
91.5365 	EXP 	fixation: autoDraw = False
91.5365 	EXP 	grating: autoDraw = True
91.6224 	EXP 	New trial (rep=69, index=0): <Trial 69 (0 in rep 69) data={'thisN': 69, 'thisTrialN': 0, 'thisRepN': 69}>
91.6248 	DATA 	Keypress: down
91.6371 	EXP 	fixation: autoDraw = False
91.6371 	EXP 	grating: autoDraw = False
91.6371 	EXP 	grating: ori = 0.0
91.6371 	EXP 	fixation: autoDraw = True
92.0046 	DATA 	Keypress: up
92.2558 	DATA 	Keypress: down
92.5876 	DATA 	Keypress: up
92.6371 	INFO 	Keyboard events cleared
92.6367 	EXP 	fixation: autoDraw = False
92.6367 	EXP 	grating: autoDraw = True
92.8727 	DATA 	Keypress: down
92.8867 	EXP 	New trial (rep=70, index=0): <Trial 70 (0 in rep 70) data={'thisN': 70, 'thisTrialN': 0, 'thisRepN': 70}>
92.9030 	EXP 	fixation: autoDraw = False
92.9030 	EXP 	grating: autoDraw = False
92.9030 	EXP 	grating: ori = 0.0
92.9030 	EXP 	fixation: autoDraw = True
93.3052 	DATA 	Keypress: up
93.5703 	DATA 	Keypress: down
93.8868 	INFO 	Keyboard events cleared
93.8861 	EXP 	grating: autoDraw = True
93.9026 	EXP 	fixation: autoDraw = False
93.9543 	EXP 	New trial (rep=71, index=0): <Trial 71 (0 in rep 71) data={'thisN': 71, 'thisTrialN': 0, 'thisRepN': 71}>
93.9554 	DATA 	Keypress: up
93.9695 	EXP 	fixation: autoDraw = False
93.9695 	EXP 	grating: autoDraw = False
93.9695 	EXP 	grating: ori = 3.0
93.9695 	EXP 	fixation: autoDraw = True
94.1898 	DATA 	Keypress: down
94.5541 	DATA 	Keypress: up
94.6715 	DATA 	Keypress: down
94.9699 	INFO 	Keyboard events cleared
94.9694 	EXP 	fixation: autoDraw = False
94.9694 	EXP 	grating: autoDraw = True
94.9714 	DATA 	Keypress: up
95.2699 	EXP 	grating: autoDraw = False
95.3717 	EXP 	New trial (rep=72, index=0): <Trial 72 (0 in rep 72) data={'thisN': 72, 'thisTrialN': 0, 'thisRepN': 72}>
95.3733 	DATA 	Keypress: down
95.3869 	EXP 	fixation: autoDraw = False
95.3869 	EXP 	grating: autoDraw = False
95.3869 	EXP 	grating: ori = -4.0
95.3869 	EXP 	fixation: autoDraw = True
95.7044 	DATA 	Keypress: up
96.0374 	DATA 	Keypress: down
96.3871 	INFO 	Keyboard events cleared
96.3865 	EXP 	fixation: autoDraw = False
96.3865 	EXP 	grating: autoDraw = True
96.4032 	EXP 	New trial (rep=73, index=0): <Trial 73 (0 in rep 73) data={'thisN': 73, 'thisTrialN': 0, 'thisRepN': 73}>
96.4041 	DATA 	Keypress: up
96.4193 	EXP 	fixation: autoDraw = False
96.4193 	EXP 	grating: autoDraw = False
96.4193 	EXP 	grating: ori = 0.0
96.4193 	EXP 	fixation: autoDraw = True
96.7546 	DATA 	Keypress: down
97.0209 	DATA 	Keypress: up
97.2715 	DATA 	Keypress: down
97.4040 	INFO 	Keyboard events cleared
97.4033 	EXP 	grating: autoDraw = True
97.4199 	EXP 	fixation: autoDraw = False
97.5880 	EXP 	New trial (rep=74, index=0): <Trial 74 (0 in rep 74) data={'thisN': 74, 'thisTrialN': 0, 'thisRepN': 74}>
97.5895 	DATA 	Keypress: up
97.6029 	EXP 	fixation: autoDraw = False
97.6029 	EXP 	grating: autoDraw = False
97.6029 	EXP 	grating: ori = -5.0
97.6029 	EXP 	fixation: autoDraw = True
97.7884 	DATA 	Keypress: down
98.2884 	DATA 	Keypress: up
98.4884 	DATA 	Keypress: down
98.6041 	INFO 	Keyboard events cleared
98.6036 	EXP 	fixation: autoDraw = False
98.6036 	EXP 	grating: autoDraw = True
98.7875 	EXP 	New trial (rep=75, index=0): <Trial 75 (0 in rep 75) data={'thisN': 75, 'thisTrialN': 0, 'thisRepN': 75}>
98.7886 	DATA 	Keypress: up
98.8029 	EXP 	fixation: autoDraw = False
98.8029 	EXP 	grating: autoDraw = False
98.8029 	EXP 	grating: ori = 0.0
98.8029 	EXP 	fixation: autoDraw = True
99.0210 	DATA 	Keypress: down
99.3041 	DATA 	Keypress: up
99.5375 	DATA 	Keypress: down
99.8037 	INFO 	Keyboard events cleared
99.8032 	EXP 	fixation: autoDraw = False
99.8032 	EXP 	grating: autoDraw = True
99.9053 	DATA 	Keypress: up
99.9205 	EXP 	New trial (rep=76, index=0): <Trial 76 (0 in rep 76) data={'thisN': 76, 'thisTrialN': 0, 'thisRepN': 76}>
99.9362 	EXP 	fixation: autoDraw = False
99.9362 	EXP 	grating: autoDraw = False
99.9362 	EXP 	grating: ori = -5.0
99.9362 	EXP 	fixation: autoDraw = True
100.2553 	DATA 	Keypress: down
100.9194 	INFO 	Keyboard events cleared
100.9191 	EXP 	grating: autoDraw = True
100.9357 	EXP 	fixation: autoDraw = False
101.2199 	EXP 	grating: autoDraw = False
101.7869 	EXP 	New trial (rep=77, index=0): <Trial 77 (0 in rep 77) data={'thisN': 77, 'thisTrialN': 0, 'thisRepN': 77}>
101.7882 	DATA 	Keypress: up
101.8022 	EXP 	fixation: autoDraw = False
101.8022 	EXP 	grating: autoDraw = False
101.8022 	EXP 	grating: ori = 0.0
101.8022 	EXP 	fixation: autoDraw = True
102.1716 	DATA 	Keypress: down
102.7262 	DATA 	Keypress: down
102.8033 	INFO 	Keyboard events cleared
102.8028 	EXP 	fixation: autoDraw = False
102.8028 	EXP 	grating: autoDraw = True
103.0375 	EXP 	New trial (rep=78, index=0): <Trial 78 (0 in rep 78) data={'thisN': 78, 'thisTrialN': 0, 'thisRepN': 78}>
103.0386 	DATA 	Keypress: up
103.0521 	EXP 	fixation: autoDraw = False
103.0521 	EXP 	grating: autoDraw = False
103.0521 	EXP 	grating: ori = -4.0
103.0521 	EXP 	fixation: autoDraw = True
103.4553 	DATA 	Keypress: down
103.8206 	DATA 	Keypress: up
104.0527 	INFO 	Keyboard events cleared
104.0522 	EXP 	fixation: autoDraw = False
104.0522 	EXP 	grating: autoDraw = True
104.2704 	EXP 	New trial (rep=79, index=0): <Trial 79 (0 in rep 79) data={'thisN': 79, 'thisTrialN': 0, 'thisRepN': 79}>
104.2714 	DATA 	Keypress: up
104.2856 	EXP 	fixation: autoDraw = False
104.2856 	EXP 	grating: autoDraw = False
104.2856 	EXP 	grating: ori = 0.0
104.2856 	EXP 	fixation: autoDraw = True
104.5547 	DATA 	Keypress: down
104.9207 	DATA 	Keypress: up
105.2712 	DATA 	Keypress: down
105.2863 	INFO 	Keyboard events cleared
105.2856 	EXP 	fixation: autoDraw = False
105.2856 	EXP 	grating: autoDraw = True
105.5857 	EXP 	grating: autoDraw = False
105.6541 	EXP 	New trial (rep=80, index=0): <Trial 80 (0 in rep 80) data={'thisN': 80, 'thisTrialN': 0, 'thisRepN': 80}>
105.6551 	DATA 	Keypress: down
105.6690 	EXP 	fixation: autoDraw = False
105.6690 	EXP 	grating: autoDraw = False
105.6690 	EXP 	grating: ori = -2.0
105.6690 	EXP 	fixation: autoDraw = True
105.9873 	DATA 	Keypress: up
106.3042 	DATA 	Keypress: down
106.6378 	DATA 	Keypress: up
106.6701 	INFO 	Keyboard events cleared
106.6694 	EXP 	fixation: autoDraw = False
106.6694 	EXP 	grating: autoDraw = True
106.9537 	EXP 	New trial (rep=81, index=0): <Trial 81 (0 in rep 81) data={'thisN': 81, 'thisTrialN': 0, 'thisRepN': 81}>
106.9547 	DATA 	Keypress: down
106.9684 	EXP 	grating: autoDraw = False
106.9684 	EXP 	fixation: autoDraw = False
106.9684 	EXP 	grating: autoDraw = False
106.9684 	EXP 	grating: ori = 0.0
106.9684 	EXP 	fixation: autoDraw = True
107.2718 	DATA 	Keypress: up
107.5375 	DATA 	Keypress: down
107.8366 	DATA 	Keypress: up
107.9532 	INFO 	Keyboard events cleared
107.9527 	EXP 	grating: autoDraw = True
107.9694 	EXP 	fixation: autoDraw = False
108.2536 	EXP 	grating: autoDraw = False
108.4220 	DATA 	Keypress: up
108.4371 	EXP 	New trial (rep=82, index=0): <Trial 82 (0 in rep 82) data={'thisN': 82, 'thisTrialN': 0, 'thisRepN': 82}>
108.4523 	EXP 	fixation: autoDraw = False
108.4523 	EXP 	grating: autoDraw = False
108.4523 	EXP 	grating: ori = 0.0
108.4523 	EXP 	fixation: autoDraw = True
108.7041 	DATA 	Keypress: down
109.0044 	DATA 	Keypress: up
109.2690 	DATA 	Keypress: down
109.4366 	INFO 	Keyboard events cleared
109.4358 	EXP 	grating: autoDraw = True
109.4525 	EXP 	fixation: autoDraw = False
109.5533 	EXP 	New trial (rep=83, index=0): <Trial 83 (0 in rep 83) data={'thisN': 83, 'thisTrialN': 0, 'thisRepN': 83}>
109.5544 	DATA 	Keypress: up
109.5686 	EXP 	fixation: autoDraw = False
109.5686 	EXP 	grating: autoDraw = False
109.5686 	EXP 	grating: ori = 0.0
109.5686 	EXP 	fixation: autoDraw = True
109.9553 	DATA 	Keypress: down
110.3206 	DATA 	Keypress: up
110.5694 	INFO 	Keyboard events cleared
110.5690 	EXP 	fixation: autoDraw = False
110.5690 	EXP 	grating: autoDraw = True
110.7035 	EXP 	New trial (rep=84, index=0): <Trial 84 (0 in rep 84) data={'thisN': 84, 'thisTrialN': 0, 'thisRepN': 84}>
110.7046 	DATA 	Keypress: down
110.7187 	EXP 	fixation: autoDraw = False
110.7187 	EXP 	grating: autoDraw = False
110.7187 	EXP 	grating: ori = 3.0
110.7187 	EXP 	fixation: autoDraw = True
110.9875 	DATA 	Keypress: up
111.3540 	DATA 	Keypress: down
111.7033 	INFO 	Keyboard events cleared
111.7027 	EXP 	grating: autoDraw = True
111.7187 	EXP 	fixation: autoDraw = False
111.8863 	EXP 	New trial (rep=85, index=0): <Trial 85 (0 in rep 85) data={'thisN': 85, 'thisTrialN': 0, 'thisRepN': 85}>
111.8874 	DATA 	Keypress: down
111.9023 	EXP 	fixation: autoDraw = False
111.9023 	EXP 	grating: autoDraw = False
111.9023 	EXP 	grating: ori = 0.0
111.9023 	EXP 	fixation: autoDraw = True
112.1706 	DATA 	Keypress: up
112.5546 	DATA 	Keypress: down
112.8541 	DATA 	Keypress: up
112.9026 	INFO 	Keyboard events cleared
112.9021 	EXP 	fixation: autoDraw = False
112.9021 	EXP 	grating: autoDraw = True
113.1533 	EXP 	New trial (rep=86, index=0): <Trial 86 (0 in rep 86) data={'thisN': 86, 'thisTrialN': 0, 'thisRepN': 86}>
113.1543 	DATA 	Keypress: down
113.1683 	EXP 	fixation: autoDraw = False
113.1683 	EXP 	grating: autoDraw = False
113.1683 	EXP 	grating: ori = -5.0
113.1683 	EXP 	fixation: autoDraw = True
113.3201 	DATA 	Keypress: up
113.7368 	DATA 	Keypress: down
114.1693 	INFO 	Keyboard events cleared
114.1688 	EXP 	fixation: autoDraw = False
114.1688 	EXP 	grating: autoDraw = True
114.2204 	EXP 	New trial (rep=87, index=0): <Trial 87 (0 in rep 87) data={'thisN': 87, 'thisTrialN': 0, 'thisRepN': 87}>
114.2215 	DATA 	Keypress: up
114.2347 	EXP 	fixation: autoDraw = False
114.2347 	EXP 	grating: autoDraw = False
114.2347 	EXP 	grating: ori = -2.0
114.2347 	EXP 	fixation: autoDraw = True
114.6195 	DATA 	Keypress: down
114.9705 	DATA 	Keypress: down
115.2354 	INFO 	Keyboard events cleared
115.2350 	EXP 	fixation: autoDraw = False
115.2350 	EXP 	grating: autoDraw = True
115.2854 	EXP 	New trial (rep=88, index=0): <Trial 88 (0 in rep 88) data={'thisN': 88, 'thisTrialN': 0, 'thisRepN': 88}>
115.2863 	DATA 	Keypress: up
115.3014 	EXP 	fixation: autoDraw = False
115.3014 	EXP 	grating: autoDraw = False
115.3014 	EXP 	grating: ori = 2.0
115.3014 	EXP 	fixation: autoDraw = True
116.1871 	DATA 	Keypress: down
116.2859 	INFO 	Keyboard events cleared
116.2853 	EXP 	grating: autoDraw = True
116.3016 	EXP 	fixation: autoDraw = False
116.5865 	EXP 	grating: autoDraw = False
117.0359 	EXP 	New trial (rep=89, index=0): <Trial 89 (0 in rep 89) data={'thisN': 89, 'thisTrialN': 0, 'thisRepN': 89}>
117.0368 	DATA 	Keypress: up
117.0516 	EXP 	fixation: autoDraw = False
117.0516 	EXP 	grating: autoDraw = False
117.0516 	EXP 	grating: ori = 1.0
117.0516 	EXP 	fixation: autoDraw = True
117.9523 	DATA 	Keypress: down
118.0521 	INFO 	Keyboard events cleared
118.0514 	EXP 	fixation: autoDraw = False
118.0514 	EXP 	grating: autoDraw = True
118.3518 	EXP 	grating: autoDraw = False
118.3705 	EXP 	New trial (rep=90, index=0): <Trial 90 (0 in rep 90) data={'thisN': 90, 'thisTrialN': 0, 'thisRepN': 90}>
118.3722 	DATA 	Keypress: up
118.3856 	EXP 	fixation: autoDraw = False
118.3856 	EXP 	grating: autoDraw = False
118.3856 	EXP 	grating: ori = 0.0
118.3856 	EXP 	fixation: autoDraw = True
118.7694 	DATA 	Keypress: up
119.0872 	DATA 	Keypress: down
119.3852 	INFO 	Keyboard events cleared
119.3845 	EXP 	fixation: autoDraw = False
119.3845 	EXP 	grating: autoDraw = True
119.4206 	DATA 	Keypress: up
119.4365 	EXP 	New trial (rep=91, index=0): <Trial 91 (0 in rep 91) data={'thisN': 91, 'thisTrialN': 0, 'thisRepN': 91}>
119.4517 	EXP 	fixation: autoDraw = False
119.4517 	EXP 	grating: autoDraw = False
119.4517 	EXP 	grating: ori = -2.0
119.4517 	EXP 	fixation: autoDraw = True
119.8369 	DATA 	Keypress: down
120.1205 	DATA 	Keypress: up
120.4354 	INFO 	Keyboard events cleared
120.4349 	EXP 	grating: autoDraw = True
120.4521 	EXP 	fixation: autoDraw = False
120.5027 	EXP 	New trial (rep=92, index=0): <Trial 92 (0 in rep 92) data={'thisN': 92, 'thisTrialN': 0, 'thisRepN': 92}>
120.5038 	DATA 	Keypress: down
120.5182 	EXP 	fixation: autoDraw = False
120.5182 	EXP 	grating: autoDraw = False
120.5182 	EXP 	grating: ori = 0.0
120.5182 	EXP 	fixation: autoDraw = True
120.8364 	DATA 	Keypress: down
121.1033 	DATA 	Keypress: up
121.5192 	INFO 	Keyboard events cleared
121.5186 	EXP 	fixation: autoDraw = False
121.5186 	EXP 	grating: autoDraw = True
121.7035 	EXP 	New trial (rep=93, index=0): <Trial 93 (0 in rep 93) data={'thisN': 93, 'thisTrialN': 0, 'thisRepN': 93}>
121.7046 	DATA 	Keypress: down
121.7186 	EXP 	fixation: autoDraw = False
121.7186 	EXP 	grating: autoDraw = False
121.7186 	EXP 	grating: ori = -4.0
121.7186 	EXP 	fixation: autoDraw = True
121.9533 	DATA 	Keypress: up
122.2043 	DATA 	Keypress: down
122.4197 	DATA 	Keypress: up
122.7191 	INFO 	Keyboard events cleared
122.7187 	EXP 	fixation: autoDraw = False
122.7187 	EXP 	grating: autoDraw = True
122.9036 	EXP 	New trial (rep=94, index=0): <Trial 94 (0 in rep 94) data={'thisN': 94, 'thisTrialN': 0, 'thisRepN': 94}>
122.9047 	DATA 	Keypress: down
122.9183 	EXP 	fixation: autoDraw = False
122.9183 	EXP 	grating: autoDraw = False
122.9183 	EXP 	grating: ori = 0.0
122.9183 	EXP 	fixation: autoDraw = True
123.2363 	DATA 	Keypress: up
123.9034 	DATA 	Keypress: down
123.9182 	INFO 	Keyboard events cleared
123.9178 	EXP 	fixation: autoDraw = False
123.9178 	EXP 	grating: autoDraw = True
124.1701 	EXP 	New trial (rep=95, index=0): <Trial 95 (0 in rep 95) data={'thisN': 95, 'thisTrialN': 0, 'thisRepN': 95}>
124.1715 	DATA 	Keypress: up
124.1852 	EXP 	fixation: autoDraw = False
124.1852 	EXP 	grating: autoDraw = False
124.1852 	EXP 	grating: ori = 2.0
124.1852 	EXP 	fixation: autoDraw = True
124.7533 	DATA 	Keypress: up
125.1853 	INFO 	Keyboard events cleared
125.1849 	EXP 	fixation: autoDraw = False
125.1849 	EXP 	grating: autoDraw = True
125.4851 	EXP 	grating: autoDraw = False
125.5862 	EXP 	New trial (rep=96, index=0): <Trial 96 (0 in rep 96) data={'thisN': 96, 'thisTrialN': 0, 'thisRepN': 96}>
125.5874 	DATA 	Keypress: down
125.6018 	EXP 	fixation: autoDraw = False
125.6018 	EXP 	grating: autoDraw = False
125.6018 	EXP 	grating: ori = -2.0
125.6018 	EXP 	fixation: autoDraw = True
125.9194 	DATA 	Keypress: up
126.2367 	DATA 	Keypress: down
126.5852 	INFO 	Keyboard events cleared
126.5848 	EXP 	grating: autoDraw = True
126.6018 	EXP 	fixation: autoDraw = False
126.6038 	EXP 	New trial (rep=97, index=0): <Trial 97 (0 in rep 97) data={'thisN': 97, 'thisTrialN': 0, 'thisRepN': 97}>
126.6055 	DATA 	Keypress: up
126.6186 	EXP 	fixation: autoDraw = False
126.6186 	EXP 	grating: autoDraw = False
126.6186 	EXP 	grating: ori = 0.0
126.6186 	EXP 	fixation: autoDraw = True
127.1199 	DATA 	Keypress: down
127.6186 	INFO 	Keyboard events cleared
127.6180 	EXP 	fixation: autoDraw = False
127.6180 	EXP 	grating: autoDraw = True
127.8197 	EXP 	New trial (rep=98, index=0): <Trial 98 (0 in rep 98) data={'thisN': 98, 'thisTrialN': 0, 'thisRepN': 98}>
127.8210 	DATA 	Keypress: down
127.8343 	EXP 	fixation: autoDraw = False
127.8343 	EXP 	grating: autoDraw = False
127.8343 	EXP 	grating: ori = 0.0
127.8343 	EXP 	fixation: autoDraw = True
128.1695 	DATA 	Keypress: up
128.8356 	INFO 	Keyboard events cleared
128.8351 	EXP 	fixation: autoDraw = False
128.8351 	EXP 	grating: autoDraw = True
129.1343 	EXP 	grating: autoDraw = False
129.9034 	EXP 	New trial (rep=99, index=0): <Trial 99 (0 in rep 99) data={'thisN': 99, 'thisTrialN': 0, 'thisRepN': 99}>
129.9045 	DATA 	Keypress: down
129.9177 	EXP 	fixation: autoDraw = False
129.9177 	EXP 	grating: autoDraw = False
129.9177 	EXP 	grating: ori = -5.0
129.9177 	EXP 	fixation: autoDraw = True
130.3860 	DATA 	Keypress: up
130.9184 	INFO 	Keyboard events cleared
130.9179 	EXP 	fixation: autoDraw = False
130.9179 	EXP 	grating: autoDraw = True
131.2531 	DATA 	Keypress: up
131.2659 	EXP 	fixation: autoDraw = False
131.2659 	EXP 	grating: autoDraw = False
131.2660 	EXP 	orientationdiscriminationtask: status = STOPPED
131.2836 	INFO 	saved data to 'C:\\Users\\prerna\\OneDrive\\Documents\\PSY310\\data/615411_orientationdiscriminationtask_2024-09-14_20h28.25.180.csv'
131.2856 	INFO 	saved data to C:\Users\prerna\OneDrive\Documents\PSY310\data/615411_orientationdiscriminationtask_2024-09-14_20h28.25.180.psydat
131.3444 	EXP 	window1: mouseVisible = True
